<?xml version="1.0" encoding="UTF-8"?>
<!-- Generated by org.testng.reporters.JUnitXMLReporter -->
<testsuite ignored="3" hostname="CHLSTF000345" failures="0" tests="1" name="Default test" time="80.848" errors="0" timestamp="2023-03-03T13:39:05 CLST">
  <testcase classname="previred.prueba.TestCaseBrowser" name="ComprarMonitorApple" time="74.712"/>
  <testcase classname="previred.prueba.TestCaseBrowser" name="CrearCuenta" time="0.0">
    <ignored/>
  </testcase> <!-- CrearCuenta -->
  <testcase classname="previred.prueba.TestCaseBrowser" name="FlujoCompra" time="0.0">
    <ignored/>
  </testcase> <!-- FlujoCompra -->
  <testcase classname="previred.prueba.TestCaseBrowser" name="VerHistorialOrdenes" time="0.0">
    <ignored/>
  </testcase> <!-- VerHistorialOrdenes -->
</testsuite> <!-- Default test -->
