<?xml version="1.0" encoding="UTF-8"?>
<testng-results ignored="3" total="4" passed="1" failed="0" skipped="0">
  <reporter-output>
    <line>
      <![CDATA[Se abre la URL: http://opencart.abstracta.us/index.php]]>
    </line>
    <line>
      <![CDATA[</br>Se maximiza el navegador.]]>
    </line>
    <line>
      <![CDATA[</br>Se valida de forma exitosa, la existencia del elemento o texto: Your Store (<a href="../evidencias/ComprarMonitorApple_20233703_133744/Evidencia_ComprarMonitorApple_20233703_133752.png" target="_blank">Evidencia</a>)]]>
    </line>
    <line>
      <![CDATA[</br>Se ingresa el producto a buscar.]]>
    </line>
    <line>
      <![CDATA[</br>Se presiona sobre el botón buscar.]]>
    </line>
    <line>
      <![CDATA[</br>Se valida de forma exitosa, la existencia del elemento o texto: //img[@title='Apple Cinema 30"'] (<a href="../evidencias/ComprarMonitorApple_20233703_133744/Evidencia_ComprarMonitorApple_20233703_133754.png" target="_blank">Evidencia</a>)]]>
    </line>
    <line>
      <![CDATA[</br>Se presiona sobre la imagen apple cinema.]]>
    </line>
    <line>
      <![CDATA[</br>Se valida de forma exitosa, la existencia del elemento o texto: Apple Cinema 30" (<a href="../evidencias/ComprarMonitorApple_20233703_133744/Evidencia_ComprarMonitorApple_20233703_133758.png" target="_blank">Evidencia</a>)]]>
    </line>
    <line>
      <![CDATA[</br>Se presiona sobre el radio button Large.]]>
    </line>
    <line>
      <![CDATA[</br>Se presiona sobre el checkbox 3.]]>
    </line>
    <line>
      <![CDATA[</br>Se presiona sobre el botón checkbox 4.]]>
    </line>
    <line>
      <![CDATA[</br>Se ingresa el texto Test_1.]]>
    </line>
    <line>
      <![CDATA[</br>Se selecciona el valor Yellow (+$2.00).]]>
    </line>
    <line>
      <![CDATA[</br>Se ingresa el texto Data de prueba.]]>
    </line>
    <line>
      <![CDATA[</br>Se valida de forma exitosa, la existencia del elemento o texto: //textarea[@id='input-option209'] (<a href="../evidencias/ComprarMonitorApple_20233703_133744/Evidencia_ComprarMonitorApple_20233803_133803.png" target="_blank">Evidencia</a>)]]>
    </line>
    <line>
      <![CDATA[</br>Se sube un archivo marge.png.]]>
    </line>
    <line>
      <![CDATA[</br>Se presiona sobre el botón Calendario.]]>
    </line>
    <line>
      <![CDATA[</br>Se presiona sobre el botón Año.]]>
    </line>
    <line>
      <![CDATA[</br>Se presiona sobre el botón 2011.]]>
    </line>
    <line>
      <![CDATA[</br>Se presiona sobre el botón Next.]]>
    </line>
    <line>
      <![CDATA[</br>Se presiona sobre el botón 2022.]]>
    </line>
    <line>
      <![CDATA[</br>Se presiona sobre el botón Jan.]]>
    </line>
    <line>
      <![CDATA[</br>Se presiona sobre el botón 26.]]>
    </line>
    <line>
      <![CDATA[</br>Se presiona sobre el botón Calendario.]]>
    </line>
    <line>
      <![CDATA[</br>Se presiona sobre el botón horas.]]>
    </line>
    <line>
      <![CDATA[</br>Se presiona sobre el botón 17.]]>
    </line>
    <line>
      <![CDATA[</br>Se presiona sobre el botón minutos.]]>
    </line>
    <line>
      <![CDATA[</br>Se presiona sobre el botón 25.]]>
    </line>
    <line>
      <![CDATA[</br>Se presiona sobre el botón Calendario.]]>
    </line>
    <line>
      <![CDATA[</br>Se presiona sobre el botón Calendario.]]>
    </line>
    <line>
      <![CDATA[</br>Se presiona sobre el botón Año.]]>
    </line>
    <line>
      <![CDATA[</br>Se presiona sobre el botón 2011.]]>
    </line>
    <line>
      <![CDATA[</br>Se presiona sobre el botón Next.]]>
    </line>
    <line>
      <![CDATA[</br>Se presiona sobre el botón 2021.]]>
    </line>
    <line>
      <![CDATA[</br>Se presiona sobre el botón Jan.]]>
    </line>
    <line>
      <![CDATA[</br>Se presiona sobre el botón 24.]]>
    </line>
    <line>
      <![CDATA[</br>Se presiona sobre el botón Calendario.]]>
    </line>
    <line>
      <![CDATA[</br>Se presiona sobre el botón horas.]]>
    </line>
    <line>
      <![CDATA[</br>Se presiona sobre el botón 23.]]>
    </line>
    <line>
      <![CDATA[</br>Se presiona sobre el botón minutos.]]>
    </line>
    <line>
      <![CDATA[</br>Se presiona sobre el botón 55.]]>
    </line>
    <line>
      <![CDATA[</br>Se presiona sobre el botón Calendario.]]>
    </line>
    <line>
      <![CDATA[</br>Se ingresa el texto 2.]]>
    </line>
    <line>
      <![CDATA[</br>Se valida de forma exitosa, la existencia del elemento o texto: //input[@id='input-quantity'] (<a href="../evidencias/ComprarMonitorApple_20233703_133744/Evidencia_ComprarMonitorApple_20233803_133829.png" target="_blank">Evidencia</a>)]]>
    </line>
    <line>
      <![CDATA[</br>Se presiona sobre el botón agregar al carro.]]>
    </line>
    <line>
      <![CDATA[</br>Se valida de forma exitosa, la existencia del elemento o texto: //div[@class='alert alert-success alert-dismissible'] (<a href="../evidencias/ComprarMonitorApple_20233703_133744/Evidencia_ComprarMonitorApple_20233803_133830.png" target="_blank">Evidencia</a>)]]>
    </line>
    <line>
      <![CDATA[</br>Se presiona sobre el botón Items del carro.]]>
    </line>
    <line>
      <![CDATA[</br>Se valida de forma exitosa, la existencia del elemento o texto: //strong[normalize-space()='View Cart'] (<a href="../evidencias/ComprarMonitorApple_20233703_133744/Evidencia_ComprarMonitorApple_20233803_133831.png" target="_blank">Evidencia</a>)]]>
    </line>
    <line>
      <![CDATA[</br>Se presiona sobre el link View Cart.]]>
    </line>
    <line>
      <![CDATA[</br>Se valida de forma exitosa, la existencia del elemento o texto: Use Gift Certificate (<a href="../evidencias/ComprarMonitorApple_20233703_133744/Evidencia_ComprarMonitorApple_20233803_133833.png" target="_blank">Evidencia</a>)]]>
    </line>
    <line>
      <![CDATA[</br>Se valida de forma exitosa, la existencia del elemento o texto: //td[normalize-space()='Product Name']/ancestor::table//tbody//td[contains(normalize-space(),'Apple Cinema 30"')] (<a href="../evidencias/ComprarMonitorApple_20233703_133744/Evidencia_ComprarMonitorApple_20233803_133833.png" target="_blank">Evidencia</a>)]]>
    </line>
    <line>
      <![CDATA[</br>Se valida de forma exitosa, la existencia del elemento o texto: //td[normalize-space()='Product Name']/ancestor::table//tbody//td[contains(normalize-space(),'Radio: Large')] (<a href="../evidencias/ComprarMonitorApple_20233703_133744/Evidencia_ComprarMonitorApple_20233803_133833.png" target="_blank">Evidencia</a>)]]>
    </line>
    <line>
      <![CDATA[</br>Se valida de forma exitosa, la existencia del elemento o texto: //td[normalize-space()='Product Name']/ancestor::table//tbody//td[contains(normalize-space(),'Checkbox: Checkbox 3')] (<a href="../evidencias/ComprarMonitorApple_20233703_133744/Evidencia_ComprarMonitorApple_20233803_133834.png" target="_blank">Evidencia</a>)]]>
    </line>
    <line>
      <![CDATA[</br>Se valida de forma exitosa, la existencia del elemento o texto: //td[normalize-space()='Product Name']/ancestor::table//tbody//td[contains(normalize-space(),'Checkbox: Checkbox 4')] (<a href="../evidencias/ComprarMonitorApple_20233703_133744/Evidencia_ComprarMonitorApple_20233803_133834.png" target="_blank">Evidencia</a>)]]>
    </line>
    <line>
      <![CDATA[</br>Se valida de forma exitosa, la existencia del elemento o texto: //td[normalize-space()='Product Name']/ancestor::table//tbody//td[contains(normalize-space(),'Text: Test_1')] (<a href="../evidencias/ComprarMonitorApple_20233703_133744/Evidencia_ComprarMonitorApple_20233803_133834.png" target="_blank">Evidencia</a>)]]>
    </line>
    <line>
      <![CDATA[</br>Se valida de forma exitosa, la existencia del elemento o texto: //td[normalize-space()='Product Name']/ancestor::table//tbody//td[contains(normalize-space(),'Select: Yellow')] (<a href="../evidencias/ComprarMonitorApple_20233703_133744/Evidencia_ComprarMonitorApple_20233803_133834.png" target="_blank">Evidencia</a>)]]>
    </line>
    <line>
      <![CDATA[</br>Se valida de forma exitosa, la existencia del elemento o texto: //td[normalize-space()='Product Name']/ancestor::table//tbody//td[contains(normalize-space(),'Textarea: Data de prueba')] (<a href="../evidencias/ComprarMonitorApple_20233703_133744/Evidencia_ComprarMonitorApple_20233803_133835.png" target="_blank">Evidencia</a>)]]>
    </line>
    <line>
      <![CDATA[</br>Se valida de forma exitosa, la existencia del elemento o texto: //td[normalize-space()='Product Name']/ancestor::table//tbody//td[contains(normalize-space(),'File: marge.png')] (<a href="../evidencias/ComprarMonitorApple_20233703_133744/Evidencia_ComprarMonitorApple_20233803_133835.png" target="_blank">Evidencia</a>)]]>
    </line>
    <line>
      <![CDATA[</br>Se valida de forma exitosa, la existencia del elemento o texto: //td[normalize-space()='Product Name']/ancestor::table//tbody//td[contains(normalize-space(),'Date: 2022-01-26')] (<a href="../evidencias/ComprarMonitorApple_20233703_133744/Evidencia_ComprarMonitorApple_20233803_133835.png" target="_blank">Evidencia</a>)]]>
    </line>
    <line>
      <![CDATA[</br>Se valida de forma exitosa, la existencia del elemento o texto: //td[normalize-space()='Product Name']/ancestor::table//tbody//td[contains(normalize-space(),'Time: 17:25')] (<a href="../evidencias/ComprarMonitorApple_20233703_133744/Evidencia_ComprarMonitorApple_20233803_133835.png" target="_blank">Evidencia</a>)]]>
    </line>
    <line>
      <![CDATA[</br>Se valida de forma exitosa, la existencia del elemento o texto: //td[normalize-space()='Product Name']/ancestor::table//input[starts-with(@name,'quantity') and @value='2'] (<a href="../evidencias/ComprarMonitorApple_20233703_133744/Evidencia_ComprarMonitorApple_20233803_133836.png" target="_blank">Evidencia</a>)]]>
    </line>
    <line>
      <![CDATA[</br>Se presiona sobre el botón checkout del carro.]]>
    </line>
    <line>
      <![CDATA[</br>Se valida de forma exitosa, la existencia del elemento o texto: //a[@class='accordion-toggle'] (<a href="../evidencias/ComprarMonitorApple_20233703_133744/Evidencia_ComprarMonitorApple_20233803_133839.png" target="_blank">Evidencia</a>)]]>
    </line>
    <line>
      <![CDATA[</br>Se ingresa el texto angelinaleivamartinez@gmail.com.]]>
    </line>
    <line>
      <![CDATA[</br>Se ingresa el texto Pass1234.]]>
    </line>
    <line>
      <![CDATA[</br>Se presiona sobre el botón login.]]>
    </line>
    <line>
      <![CDATA[</br>Se valida de forma exitosa, la existencia del elemento o texto: //input[@id='input-payment-firstname'] (<a href="../evidencias/ComprarMonitorApple_20233703_133744/Evidencia_ComprarMonitorApple_20233803_133842.png" target="_blank">Evidencia</a>)]]>
    </line>
    <line>
      <![CDATA[</br>Se presiona sobre el radio button new address.]]>
    </line>
    <line>
      <![CDATA[</br>Se ingresa el texto Ange.]]>
    </line>
    <line>
      <![CDATA[</br>Se ingresa el texto Leiva.]]>
    </line>
    <line>
      <![CDATA[</br>Se ingresa el texto Personal.]]>
    </line>
    <line>
      <![CDATA[</br>Se ingresa el texto las lilas 1234.]]>
    </line>
    <line>
      <![CDATA[</br>Se ingresa el texto depto 111.]]>
    </line>
    <line>
      <![CDATA[</br>Se ingresa el texto Santiago.]]>
    </line>
    <line>
      <![CDATA[</br>Se ingresa el texto 9261000.]]>
    </line>
    <line>
      <![CDATA[</br>Se selecciona la opción Chile.]]>
    </line>
    <line>
      <![CDATA[</br>Se selecciona la opción Coquimbo.]]>
    </line>
    <line>
      <![CDATA[</br>Se presiona sobre el botón Continue.]]>
    </line>
    <line>
      <![CDATA[</br>Se valida de forma exitosa, la existencia del elemento o texto: //div[@id='shipping-existing']//select[@name='address_id'] (<a href="../evidencias/ComprarMonitorApple_20233703_133744/Evidencia_ComprarMonitorApple_20233803_133853.png" target="_blank">Evidencia</a>)]]>
    </line>
    <line>
      <![CDATA[</br>Se presiona sobre el botón Continue.]]>
    </line>
    <line>
      <![CDATA[</br>Se valida de forma exitosa, la existencia del elemento o texto: //p[contains(text(),'Please select the preferred shipping method to use')] (<a href="../evidencias/ComprarMonitorApple_20233703_133744/Evidencia_ComprarMonitorApple_20233803_133854.png" target="_blank">Evidencia</a>)]]>
    </line>
    <line>
      <![CDATA[</br>Se presiona sobre el botón Continue.]]>
    </line>
    <line>
      <![CDATA[</br>Se valida de forma exitosa, la existencia del elemento o texto: //p[contains(text(),'Please select the preferred payment method to use ')] (<a href="../evidencias/ComprarMonitorApple_20233703_133744/Evidencia_ComprarMonitorApple_20233803_133856.png" target="_blank">Evidencia</a>)]]>
    </line>
    <line>
      <![CDATA[</br>Se presiona sobre el radio button Cash On Delivery .]]>
    </line>
    <line>
      <![CDATA[</br>Se presiona sobre el botón terminos y condiciones.]]>
    </line>
    <line>
      <![CDATA[</br>Se presiona sobre el botón Continue.]]>
    </line>
    <line>
      <![CDATA[</br>Se valida de forma exitosa, la existencia del elemento o texto: //td[normalize-space()='Product Name'] (<a href="../evidencias/ComprarMonitorApple_20233703_133744/Evidencia_ComprarMonitorApple_20233803_133858.png" target="_blank">Evidencia</a>)]]>
    </line>
    <line>
      <![CDATA[</br>Se presiona sobre el botón .]]>
    </line>
    <line>
      <![CDATA[</br>Se valida de forma exitosa, la existencia del elemento o texto: //h1[normalize-space()='Your order has been placed!'] (<a href="../evidencias/ComprarMonitorApple_20233703_133744/Evidencia_ComprarMonitorApple_20233903_133900.png" target="_blank">Evidencia</a>)]]>
    </line>
    <line>
      <![CDATA[</br>Se presiona sobre el texto My Account.]]>
    </line>
    <line>
      <![CDATA[</br>Se valida de forma exitosa, la existencia del elemento o texto: //a[normalize-space()='Logout'] (<a href="../evidencias/ComprarMonitorApple_20233703_133744/Evidencia_ComprarMonitorApple_20233903_133902.png" target="_blank">Evidencia</a>)]]>
    </line>
    <line>
      <![CDATA[</br>Se presiona sobre el link Logout.]]>
    </line>
    <line>
      <![CDATA[</br>Se valida de forma exitosa, la existencia del elemento o texto: //p[contains(text(),'You have been logged off your account. It is now s')] (<a href="../evidencias/ComprarMonitorApple_20233703_133744/Evidencia_ComprarMonitorApple_20233903_133904.png" target="_blank">Evidencia</a>)]]>
    </line>
  </reporter-output>
  <suite started-at="2023-03-03T13:37:44 CLST" name="Default suite" finished-at="2023-03-03T13:39:05 CLST" duration-ms="80848">
    <groups>
    </groups>
    <test started-at="2023-03-03T13:37:44 CLST" name="Default test" finished-at="2023-03-03T13:39:05 CLST" duration-ms="80848">
      <class name="previred.prueba.TestCaseBrowser">
        <test-method is-config="true" signature="launchapp()[pri:0, instance:previred.prueba.TestCaseBrowser@4dc27487]" started-at="2023-03-03T13:37:44 CLST" name="launchapp" finished-at="2023-03-03T13:37:44 CLST" duration-ms="11" status="PASS">
          <reporter-output>
          </reporter-output>
        </test-method> <!-- launchapp -->
        <test-method is-config="true" signature="handleTestMethodName(java.lang.reflect.Method)[pri:0, instance:previred.prueba.TestCaseBrowser@4dc27487]" started-at="2023-03-03T13:37:44 CLST" name="handleTestMethodName" finished-at="2023-03-03T13:37:49 CLST" duration-ms="5133" status="PASS">
          <params>
            <param index="0">
              <value>
                <![CDATA[public void previred.prueba.TestCaseBrowser.ComprarMonitorApple()]]>
              </value>
            </param>
          </params>
          <reporter-output>
          </reporter-output>
        </test-method> <!-- handleTestMethodName -->
        <test-method signature="ComprarMonitorApple()[pri:0, instance:previred.prueba.TestCaseBrowser@4dc27487]" started-at="2023-03-03T13:37:49 CLST" name="ComprarMonitorApple" finished-at="2023-03-03T13:39:04 CLST" duration-ms="74712" status="PASS">
          <reporter-output>
            <line>
              <![CDATA[Se abre la URL: http://opencart.abstracta.us/index.php]]>
            </line>
            <line>
              <![CDATA[</br>Se maximiza el navegador.]]>
            </line>
            <line>
              <![CDATA[</br>Se valida de forma exitosa, la existencia del elemento o texto: Your Store (<a href="../evidencias/ComprarMonitorApple_20233703_133744/Evidencia_ComprarMonitorApple_20233703_133752.png" target="_blank">Evidencia</a>)]]>
            </line>
            <line>
              <![CDATA[</br>Se ingresa el producto a buscar.]]>
            </line>
            <line>
              <![CDATA[</br>Se presiona sobre el botón buscar.]]>
            </line>
            <line>
              <![CDATA[</br>Se valida de forma exitosa, la existencia del elemento o texto: //img[@title='Apple Cinema 30"'] (<a href="../evidencias/ComprarMonitorApple_20233703_133744/Evidencia_ComprarMonitorApple_20233703_133754.png" target="_blank">Evidencia</a>)]]>
            </line>
            <line>
              <![CDATA[</br>Se presiona sobre la imagen apple cinema.]]>
            </line>
            <line>
              <![CDATA[</br>Se valida de forma exitosa, la existencia del elemento o texto: Apple Cinema 30" (<a href="../evidencias/ComprarMonitorApple_20233703_133744/Evidencia_ComprarMonitorApple_20233703_133758.png" target="_blank">Evidencia</a>)]]>
            </line>
            <line>
              <![CDATA[</br>Se presiona sobre el radio button Large.]]>
            </line>
            <line>
              <![CDATA[</br>Se presiona sobre el checkbox 3.]]>
            </line>
            <line>
              <![CDATA[</br>Se presiona sobre el botón checkbox 4.]]>
            </line>
            <line>
              <![CDATA[</br>Se ingresa el texto Test_1.]]>
            </line>
            <line>
              <![CDATA[</br>Se selecciona el valor Yellow (+$2.00).]]>
            </line>
            <line>
              <![CDATA[</br>Se ingresa el texto Data de prueba.]]>
            </line>
            <line>
              <![CDATA[</br>Se valida de forma exitosa, la existencia del elemento o texto: //textarea[@id='input-option209'] (<a href="../evidencias/ComprarMonitorApple_20233703_133744/Evidencia_ComprarMonitorApple_20233803_133803.png" target="_blank">Evidencia</a>)]]>
            </line>
            <line>
              <![CDATA[</br>Se sube un archivo marge.png.]]>
            </line>
            <line>
              <![CDATA[</br>Se presiona sobre el botón Calendario.]]>
            </line>
            <line>
              <![CDATA[</br>Se presiona sobre el botón Año.]]>
            </line>
            <line>
              <![CDATA[</br>Se presiona sobre el botón 2011.]]>
            </line>
            <line>
              <![CDATA[</br>Se presiona sobre el botón Next.]]>
            </line>
            <line>
              <![CDATA[</br>Se presiona sobre el botón 2022.]]>
            </line>
            <line>
              <![CDATA[</br>Se presiona sobre el botón Jan.]]>
            </line>
            <line>
              <![CDATA[</br>Se presiona sobre el botón 26.]]>
            </line>
            <line>
              <![CDATA[</br>Se presiona sobre el botón Calendario.]]>
            </line>
            <line>
              <![CDATA[</br>Se presiona sobre el botón horas.]]>
            </line>
            <line>
              <![CDATA[</br>Se presiona sobre el botón 17.]]>
            </line>
            <line>
              <![CDATA[</br>Se presiona sobre el botón minutos.]]>
            </line>
            <line>
              <![CDATA[</br>Se presiona sobre el botón 25.]]>
            </line>
            <line>
              <![CDATA[</br>Se presiona sobre el botón Calendario.]]>
            </line>
            <line>
              <![CDATA[</br>Se presiona sobre el botón Calendario.]]>
            </line>
            <line>
              <![CDATA[</br>Se presiona sobre el botón Año.]]>
            </line>
            <line>
              <![CDATA[</br>Se presiona sobre el botón 2011.]]>
            </line>
            <line>
              <![CDATA[</br>Se presiona sobre el botón Next.]]>
            </line>
            <line>
              <![CDATA[</br>Se presiona sobre el botón 2021.]]>
            </line>
            <line>
              <![CDATA[</br>Se presiona sobre el botón Jan.]]>
            </line>
            <line>
              <![CDATA[</br>Se presiona sobre el botón 24.]]>
            </line>
            <line>
              <![CDATA[</br>Se presiona sobre el botón Calendario.]]>
            </line>
            <line>
              <![CDATA[</br>Se presiona sobre el botón horas.]]>
            </line>
            <line>
              <![CDATA[</br>Se presiona sobre el botón 23.]]>
            </line>
            <line>
              <![CDATA[</br>Se presiona sobre el botón minutos.]]>
            </line>
            <line>
              <![CDATA[</br>Se presiona sobre el botón 55.]]>
            </line>
            <line>
              <![CDATA[</br>Se presiona sobre el botón Calendario.]]>
            </line>
            <line>
              <![CDATA[</br>Se ingresa el texto 2.]]>
            </line>
            <line>
              <![CDATA[</br>Se valida de forma exitosa, la existencia del elemento o texto: //input[@id='input-quantity'] (<a href="../evidencias/ComprarMonitorApple_20233703_133744/Evidencia_ComprarMonitorApple_20233803_133829.png" target="_blank">Evidencia</a>)]]>
            </line>
            <line>
              <![CDATA[</br>Se presiona sobre el botón agregar al carro.]]>
            </line>
            <line>
              <![CDATA[</br>Se valida de forma exitosa, la existencia del elemento o texto: //div[@class='alert alert-success alert-dismissible'] (<a href="../evidencias/ComprarMonitorApple_20233703_133744/Evidencia_ComprarMonitorApple_20233803_133830.png" target="_blank">Evidencia</a>)]]>
            </line>
            <line>
              <![CDATA[</br>Se presiona sobre el botón Items del carro.]]>
            </line>
            <line>
              <![CDATA[</br>Se valida de forma exitosa, la existencia del elemento o texto: //strong[normalize-space()='View Cart'] (<a href="../evidencias/ComprarMonitorApple_20233703_133744/Evidencia_ComprarMonitorApple_20233803_133831.png" target="_blank">Evidencia</a>)]]>
            </line>
            <line>
              <![CDATA[</br>Se presiona sobre el link View Cart.]]>
            </line>
            <line>
              <![CDATA[</br>Se valida de forma exitosa, la existencia del elemento o texto: Use Gift Certificate (<a href="../evidencias/ComprarMonitorApple_20233703_133744/Evidencia_ComprarMonitorApple_20233803_133833.png" target="_blank">Evidencia</a>)]]>
            </line>
            <line>
              <![CDATA[</br>Se valida de forma exitosa, la existencia del elemento o texto: //td[normalize-space()='Product Name']/ancestor::table//tbody//td[contains(normalize-space(),'Apple Cinema 30"')] (<a href="../evidencias/ComprarMonitorApple_20233703_133744/Evidencia_ComprarMonitorApple_20233803_133833.png" target="_blank">Evidencia</a>)]]>
            </line>
            <line>
              <![CDATA[</br>Se valida de forma exitosa, la existencia del elemento o texto: //td[normalize-space()='Product Name']/ancestor::table//tbody//td[contains(normalize-space(),'Radio: Large')] (<a href="../evidencias/ComprarMonitorApple_20233703_133744/Evidencia_ComprarMonitorApple_20233803_133833.png" target="_blank">Evidencia</a>)]]>
            </line>
            <line>
              <![CDATA[</br>Se valida de forma exitosa, la existencia del elemento o texto: //td[normalize-space()='Product Name']/ancestor::table//tbody//td[contains(normalize-space(),'Checkbox: Checkbox 3')] (<a href="../evidencias/ComprarMonitorApple_20233703_133744/Evidencia_ComprarMonitorApple_20233803_133834.png" target="_blank">Evidencia</a>)]]>
            </line>
            <line>
              <![CDATA[</br>Se valida de forma exitosa, la existencia del elemento o texto: //td[normalize-space()='Product Name']/ancestor::table//tbody//td[contains(normalize-space(),'Checkbox: Checkbox 4')] (<a href="../evidencias/ComprarMonitorApple_20233703_133744/Evidencia_ComprarMonitorApple_20233803_133834.png" target="_blank">Evidencia</a>)]]>
            </line>
            <line>
              <![CDATA[</br>Se valida de forma exitosa, la existencia del elemento o texto: //td[normalize-space()='Product Name']/ancestor::table//tbody//td[contains(normalize-space(),'Text: Test_1')] (<a href="../evidencias/ComprarMonitorApple_20233703_133744/Evidencia_ComprarMonitorApple_20233803_133834.png" target="_blank">Evidencia</a>)]]>
            </line>
            <line>
              <![CDATA[</br>Se valida de forma exitosa, la existencia del elemento o texto: //td[normalize-space()='Product Name']/ancestor::table//tbody//td[contains(normalize-space(),'Select: Yellow')] (<a href="../evidencias/ComprarMonitorApple_20233703_133744/Evidencia_ComprarMonitorApple_20233803_133834.png" target="_blank">Evidencia</a>)]]>
            </line>
            <line>
              <![CDATA[</br>Se valida de forma exitosa, la existencia del elemento o texto: //td[normalize-space()='Product Name']/ancestor::table//tbody//td[contains(normalize-space(),'Textarea: Data de prueba')] (<a href="../evidencias/ComprarMonitorApple_20233703_133744/Evidencia_ComprarMonitorApple_20233803_133835.png" target="_blank">Evidencia</a>)]]>
            </line>
            <line>
              <![CDATA[</br>Se valida de forma exitosa, la existencia del elemento o texto: //td[normalize-space()='Product Name']/ancestor::table//tbody//td[contains(normalize-space(),'File: marge.png')] (<a href="../evidencias/ComprarMonitorApple_20233703_133744/Evidencia_ComprarMonitorApple_20233803_133835.png" target="_blank">Evidencia</a>)]]>
            </line>
            <line>
              <![CDATA[</br>Se valida de forma exitosa, la existencia del elemento o texto: //td[normalize-space()='Product Name']/ancestor::table//tbody//td[contains(normalize-space(),'Date: 2022-01-26')] (<a href="../evidencias/ComprarMonitorApple_20233703_133744/Evidencia_ComprarMonitorApple_20233803_133835.png" target="_blank">Evidencia</a>)]]>
            </line>
            <line>
              <![CDATA[</br>Se valida de forma exitosa, la existencia del elemento o texto: //td[normalize-space()='Product Name']/ancestor::table//tbody//td[contains(normalize-space(),'Time: 17:25')] (<a href="../evidencias/ComprarMonitorApple_20233703_133744/Evidencia_ComprarMonitorApple_20233803_133835.png" target="_blank">Evidencia</a>)]]>
            </line>
            <line>
              <![CDATA[</br>Se valida de forma exitosa, la existencia del elemento o texto: //td[normalize-space()='Product Name']/ancestor::table//input[starts-with(@name,'quantity') and @value='2'] (<a href="../evidencias/ComprarMonitorApple_20233703_133744/Evidencia_ComprarMonitorApple_20233803_133836.png" target="_blank">Evidencia</a>)]]>
            </line>
            <line>
              <![CDATA[</br>Se presiona sobre el botón checkout del carro.]]>
            </line>
            <line>
              <![CDATA[</br>Se valida de forma exitosa, la existencia del elemento o texto: //a[@class='accordion-toggle'] (<a href="../evidencias/ComprarMonitorApple_20233703_133744/Evidencia_ComprarMonitorApple_20233803_133839.png" target="_blank">Evidencia</a>)]]>
            </line>
            <line>
              <![CDATA[</br>Se ingresa el texto angelinaleivamartinez@gmail.com.]]>
            </line>
            <line>
              <![CDATA[</br>Se ingresa el texto Pass1234.]]>
            </line>
            <line>
              <![CDATA[</br>Se presiona sobre el botón login.]]>
            </line>
            <line>
              <![CDATA[</br>Se valida de forma exitosa, la existencia del elemento o texto: //input[@id='input-payment-firstname'] (<a href="../evidencias/ComprarMonitorApple_20233703_133744/Evidencia_ComprarMonitorApple_20233803_133842.png" target="_blank">Evidencia</a>)]]>
            </line>
            <line>
              <![CDATA[</br>Se presiona sobre el radio button new address.]]>
            </line>
            <line>
              <![CDATA[</br>Se ingresa el texto Ange.]]>
            </line>
            <line>
              <![CDATA[</br>Se ingresa el texto Leiva.]]>
            </line>
            <line>
              <![CDATA[</br>Se ingresa el texto Personal.]]>
            </line>
            <line>
              <![CDATA[</br>Se ingresa el texto las lilas 1234.]]>
            </line>
            <line>
              <![CDATA[</br>Se ingresa el texto depto 111.]]>
            </line>
            <line>
              <![CDATA[</br>Se ingresa el texto Santiago.]]>
            </line>
            <line>
              <![CDATA[</br>Se ingresa el texto 9261000.]]>
            </line>
            <line>
              <![CDATA[</br>Se selecciona la opción Chile.]]>
            </line>
            <line>
              <![CDATA[</br>Se selecciona la opción Coquimbo.]]>
            </line>
            <line>
              <![CDATA[</br>Se presiona sobre el botón Continue.]]>
            </line>
            <line>
              <![CDATA[</br>Se valida de forma exitosa, la existencia del elemento o texto: //div[@id='shipping-existing']//select[@name='address_id'] (<a href="../evidencias/ComprarMonitorApple_20233703_133744/Evidencia_ComprarMonitorApple_20233803_133853.png" target="_blank">Evidencia</a>)]]>
            </line>
            <line>
              <![CDATA[</br>Se presiona sobre el botón Continue.]]>
            </line>
            <line>
              <![CDATA[</br>Se valida de forma exitosa, la existencia del elemento o texto: //p[contains(text(),'Please select the preferred shipping method to use')] (<a href="../evidencias/ComprarMonitorApple_20233703_133744/Evidencia_ComprarMonitorApple_20233803_133854.png" target="_blank">Evidencia</a>)]]>
            </line>
            <line>
              <![CDATA[</br>Se presiona sobre el botón Continue.]]>
            </line>
            <line>
              <![CDATA[</br>Se valida de forma exitosa, la existencia del elemento o texto: //p[contains(text(),'Please select the preferred payment method to use ')] (<a href="../evidencias/ComprarMonitorApple_20233703_133744/Evidencia_ComprarMonitorApple_20233803_133856.png" target="_blank">Evidencia</a>)]]>
            </line>
            <line>
              <![CDATA[</br>Se presiona sobre el radio button Cash On Delivery .]]>
            </line>
            <line>
              <![CDATA[</br>Se presiona sobre el botón terminos y condiciones.]]>
            </line>
            <line>
              <![CDATA[</br>Se presiona sobre el botón Continue.]]>
            </line>
            <line>
              <![CDATA[</br>Se valida de forma exitosa, la existencia del elemento o texto: //td[normalize-space()='Product Name'] (<a href="../evidencias/ComprarMonitorApple_20233703_133744/Evidencia_ComprarMonitorApple_20233803_133858.png" target="_blank">Evidencia</a>)]]>
            </line>
            <line>
              <![CDATA[</br>Se presiona sobre el botón .]]>
            </line>
            <line>
              <![CDATA[</br>Se valida de forma exitosa, la existencia del elemento o texto: //h1[normalize-space()='Your order has been placed!'] (<a href="../evidencias/ComprarMonitorApple_20233703_133744/Evidencia_ComprarMonitorApple_20233903_133900.png" target="_blank">Evidencia</a>)]]>
            </line>
            <line>
              <![CDATA[</br>Se presiona sobre el texto My Account.]]>
            </line>
            <line>
              <![CDATA[</br>Se valida de forma exitosa, la existencia del elemento o texto: //a[normalize-space()='Logout'] (<a href="../evidencias/ComprarMonitorApple_20233703_133744/Evidencia_ComprarMonitorApple_20233903_133902.png" target="_blank">Evidencia</a>)]]>
            </line>
            <line>
              <![CDATA[</br>Se presiona sobre el link Logout.]]>
            </line>
            <line>
              <![CDATA[</br>Se valida de forma exitosa, la existencia del elemento o texto: //p[contains(text(),'You have been logged off your account. It is now s')] (<a href="../evidencias/ComprarMonitorApple_20233703_133744/Evidencia_ComprarMonitorApple_20233903_133904.png" target="_blank">Evidencia</a>)]]>
            </line>
          </reporter-output>
        </test-method> <!-- ComprarMonitorApple -->
        <test-method is-config="true" signature="after_method()[pri:0, instance:previred.prueba.TestCaseBrowser@4dc27487]" started-at="2023-03-03T13:39:04 CLST" name="after_method" finished-at="2023-03-03T13:39:05 CLST" duration-ms="926" status="PASS">
          <reporter-output>
          </reporter-output>
        </test-method> <!-- after_method -->
        <test-method is-config="true" signature="terminatetest()[pri:0, instance:previred.prueba.TestCaseBrowser@4dc27487]" started-at="2023-03-03T13:39:05 CLST" name="terminatetest" finished-at="2023-03-03T13:39:05 CLST" duration-ms="0" status="PASS">
          <reporter-output>
          </reporter-output>
        </test-method> <!-- terminatetest -->
        <test-method is-config="true" signature="afterSuite()[pri:0, instance:previred.prueba.TestCaseBrowser@4dc27487]" started-at="2023-03-03T13:39:05 CLST" name="afterSuite" finished-at="2023-03-03T13:39:05 CLST" duration-ms="371" status="PASS">
          <reporter-output>
          </reporter-output>
        </test-method> <!-- afterSuite -->
      </class> <!-- previred.prueba.TestCaseBrowser -->
    </test> <!-- Default test -->
  </suite> <!-- Default suite -->
</testng-results>
